[
  {
    "name": "READ_GRAD_ALGORITHM_RULES_DATA",
    "protocol": "openid-connect",
    "attributes": {
      "include.in.token.scope": "true",
      "display.on.consent.screen": "true"
    }
  },
  {
    "name": "READ_DISTRICT",
    "description": "Read scope for district",
    "protocol": "openid-connect",
    "attributes": {
      "include.in.token.scope": "true",
      "display.on.consent.screen": "false"
    }
  },
  {
    "name": "READ_SCHOLARSHIPS_CODES",
    "description": "Read Scholarships Codes",
    "protocol": "openid-connect",
    "attributes": {
      "include.in.token.scope": "true",
      "display.on.consent.screen": "false"
    }
  },
  {
    "name": "UPDATE_GRAD_TRAX_CACHE",
    "protocol": "openid-connect",
    "attributes": {
      "include.in.token.scope": "true",
      "display.on.consent.screen": "false"
    }
  },
  {
    "name": "READ_DISTRICT_NOTE",
    "description": "Read scope for district address",
    "protocol": "openid-connect",
    "attributes": {
      "include.in.token.scope": "true",
      "display.on.consent.screen": "false"
    }
  },
  {
    "name": "READ_COLLECTION_CODES",
    "description": "Read Student Data Collection Collection Codes",
    "protocol": "openid-connect",
    "attributes": {
      "include.in.token.scope": "true",
      "display.on.consent.screen": "false"
    }
  },
  {
    "name": "DELETE_GRAD_PROGRAM_TYPE_CODE_DATA",
    "protocol": "openid-connect",
    "attributes": {
      "include.in.token.scope": "true",
      "display.on.consent.screen": "true"
    }
  },
  {
    "name": "READ_GRAD_ASSESSMENT_DATA",
    "protocol": "openid-connect",
    "attributes": {
      "include.in.token.scope": "true",
      "display.on.consent.screen": "true"
    }
  },
  {
    "name": "CREATE_GRAD_PROGRAM_TYPE_CODE_DATA",
    "protocol": "openid-connect",
    "attributes": {
      "include.in.token.scope": "true",
      "display.on.consent.screen": "true"
    }
  },
  {
    "name": "DELETE_GRAD_CAREER_PROGRAM_CODE_DATA",
    "protocol": "openid-connect",
    "attributes": {
      "include.in.token.scope": "true",
      "display.on.consent.screen": "true"
    }
  },
  {
    "name": "READ_STUDENT",
    "description": "Read scope for student",
    "protocol": "openid-connect",
    "attributes": {
      "include.in.token.scope": "true",
      "display.on.consent.screen": "false"
    }
  },
  {
    "name": "DELETE_GRAD_CAREER_PROGRAM_CODE_DATA",
    "protocol": "openid-connect",
    "attributes": {
      "include.in.token.scope": "true",
      "display.on.consent.screen": "true"
    }
  },
  {
    "name": "READ_GRAD_STUDENT_ASSESSMENT_DATA",
    "protocol": "openid-connect",
    "attributes": {
      "include.in.token.scope": "true",
      "display.on.consent.screen": "true"
    }
  },
  {
    "name": "READ_GRAD_AND_PEN_STUDENT_DATA",
    "protocol": "openid-connect",
    "attributes": {
      "include.in.token.scope": "true",
      "display.on.consent.screen": "true"
    }
  },
  {
    "name": "READ_GRAD_CAREER_PROGRAM_CODE_DATA",
    "protocol": "openid-connect",
    "attributes": {
      "include.in.token.scope": "true",
      "display.on.consent.screen": "true"
    }
  },
  {
    "name": "READ_GRAD_COUNTRY_CODE_DATA",
    "protocol": "openid-connect",
    "attributes": {
      "include.in.token.scope": "true",
      "display.on.consent.screen": "true"
    }
  },
  {
    "name": "READ_GRAD_COURSE_DATA",
    "protocol": "openid-connect",
    "attributes": {
      "include.in.token.scope": "true",
      "display.on.consent.screen": "true"
    }
  },
  {
    "name": "DELETE_GRAD_STUDENT_REPORTS",
    "protocol": "openid-connect",
    "attributes": {
      "include.in.token.scope": "true",
      "display.on.consent.screen": "true"
    }
  },
  {
    "name": "UPDATE_GRAD_CAREER_PROGRAM_CODE_DATA",
    "protocol": "openid-connect",
    "attributes": {
      "include.in.token.scope": "true",
      "display.on.consent.screen": "true"
    }
  },
  {
    "name": "READ_INSTITUTE_CODES",
    "description": "READ_INSTITUTE_CODES",
    "protocol": "openid-connect",
    "attributes": {
      "include.in.token.scope": "true",
      "display.on.consent.screen": "false"
    }
  },
  {
    "name": "READ_INDEPENDENT_AUTHORITY",
    "description": "Read scope for independent authority",
    "protocol": "openid-connect",
    "attributes": {
      "include.in.token.scope": "true",
      "display.on.consent.screen": "false"
    }
  },
  {
    "name": "READ_EDX_USERS",
    "description": "Reading users in EDX",
    "protocol": "openid-connect",
    "attributes": {
      "include.in.token.scope": "true",
      "display.on.consent.screen": "false"
    }
  },
  {
    "name": "READ_GRAD_PSI_DATA",
    "protocol": "openid-connect",
    "attributes": {
      "include.in.token.scope": "true",
      "display.on.consent.screen": "true"
    }
  },
  {
    "name": "READ_GRAD_SPECIAL_PROGRAM_RULES_DATA",
    "protocol": "openid-connect",
    "attributes": {
      "include.in.token.scope": "true",
      "display.on.consent.screen": "true"
    }
  },
  {
    "name": "READ_GRAD_STUDENT_CERTIFICATE_DATA",
    "protocol": "openid-connect",
    "attributes": {
      "include.in.token.scope": "true",
      "display.on.consent.screen": "true"
    }
  },
  {
    "name": "READ_GRAD_PROGRAM_TYPE_CODE_DATA",
    "protocol": "openid-connect",
    "attributes": {
      "include.in.token.scope": "true",
      "display.on.consent.screen": "true"
    }
  },
  {
    "name": "UPDATE_GRAD_PROGRAM_TYPE_CODE_DATA",
    "protocol": "openid-connect",
    "attributes": {
      "include.in.token.scope": "true",
      "display.on.consent.screen": "true"
    }
  },
  {
    "name": "DELETE_GRAD_CAREER_PROGRAM_CODE_DATA",
    "protocol": "openid-connect",
    "attributes": {
      "include.in.token.scope": "true",
      "display.on.consent.screen": "true"
    }
  },
  {
    "name": "READ_GRAD_STUDENT_ASSESSMENT_DATA",
    "protocol": "openid-connect",
    "attributes": {
      "include.in.token.scope": "true",
      "display.on.consent.screen": "true"
    }
  },
  {
    "name": "CREATE_GRAD_CAREER_PROGRAM_CODE_DATA",
    "protocol": "openid-connect",
    "attributes": {
      "include.in.token.scope": "true",
      "display.on.consent.screen": "true"
    }
  },
  {
    "name": "UPDATE_GRAD_COURSE_RESTRICTION_DATA",
    "protocol": "openid-connect",
    "attributes": {
      "include.in.token.scope": "true",
      "display.on.consent.screen": "true"
    }
  },
  {
    "name": "READ_GRAD_STUDENT_EXAM_DATA",
    "protocol": "openid-connect",
    "attributes": {
      "include.in.token.scope": "true",
      "display.on.consent.screen": "true"
    }
  },
  {
    "name": "CREATE_STUDENT_NON_GRAD_REQ",
    "protocol": "openid-connect",
    "attributes": {
      "include.in.token.scope": "true",
      "display.on.consent.screen": "false"
    }
  },
  {
    "name": "READ_GRAD_STUDENT_REPORT_DATA",
    "protocol": "openid-connect",
    "attributes": {
      "include.in.token.scope": "true",
      "display.on.consent.screen": "true"
    }
  },
  {
    "name": "READ_GRAD_STUDENT_UNGRAD_REASONS_DATA",
    "protocol": "openid-connect",
    "attributes": {
      "include.in.token.scope": "true",
      "display.on.consent.screen": "true"
    }
  },
  {
    "name": "READ_SCHOOL",
    "description": "Read scope for school",
    "protocol": "openid-connect",
    "attributes": {
      "include.in.token.scope": "true",
      "display.on.consent.screen": "false"
    }
  },
  {
    "name": "RUN_GRAD_ALGORITHM",
    "protocol": "openid-connect",
    "attributes": {
      "include.in.token.scope": "true",
      "display.on.consent.screen": "true"
    }
  },
  {
    "name": "UPDATE_GRAD_GRADUATION_STATUS",
    "protocol": "openid-connect",
    "attributes": {
      "include.in.token.scope": "true",
      "display.on.consent.screen": "true"
    }
  },
  {
    "name": "UPDATE_GRAD_PROGRAM_RULES_DATA",
    "protocol": "openid-connect",
    "attributes": {
      "include.in.token.scope": "true",
      "display.on.consent.screen": "true"
    }
  },
  {
    "name": "UPDATE_GRAD_SPECIAL_PROGRAM_CODE_DATA",
    "protocol": "openid-connect",
    "attributes": {
      "include.in.token.scope": "true",
      "display.on.consent.screen": "true"
    }
  },
  {
    "name": "READ_SIGNATURE_IMAGE_BY_CODE",
    "protocol": "openid-connect",
    "attributes": {
      "include.in.token.scope": "true",
      "display.on.consent.screen": "true"
    }
  },
  {
    "name": "READ_GRAD_HISTORY_ACTIVITY_CODE_DATA",
    "protocol": "openid-connect",
    "attributes": {
      "include.in.token.scope": "true",
      "display.on.consent.screen": "true"
    }
  },
  {
    "name": "CREATE_GRAD_CERTIFICATE_CODE_DATA",
    "protocol": "openid-connect",
    "attributes": {
      "include.in.token.scope": "true",
      "display.on.consent.screen": "true"
    }
  },
  {
    "name": "CREATE_GRAD_REPORT_CODE_DATA",
    "protocol": "openid-connect",
    "attributes": {
      "include.in.token.scope": "true",
      "display.on.consent.screen": "true"
    }
  },
  {
    "name": "CREATE_GRAD_SPECIAL_PROGRAM_CODE_DATA",
    "protocol": "openid-connect",
    "attributes": {
      "include.in.token.scope": "true",
      "display.on.consent.screen": "true"
    }
  },
  {
    "name": "CREATE_GRAD_SPECIAL_PROGRAM_RULES_DATA",
    "protocol": "openid-connect",
    "attributes": {
      "include.in.token.scope": "true",
      "display.on.consent.screen": "true"
    }
  },
  {
    "name": "CREATE_GRAD_STUDENT_NOTES_DATA",
    "protocol": "openid-connect",
    "attributes": {
      "include.in.token.scope": "true",
      "display.on.consent.screen": "true"
    }
  },
  {
    "name": "CREATE_GRAD_STUDENT_STATUS_CODE_DATA",
    "protocol": "openid-connect",
    "attributes": {
      "include.in.token.scope": "true",
      "display.on.consent.screen": "true"
    }
  },
  {
    "name": "CREATE_GRAD_STUDENT_UNGRAD_REASONS_DATA",
    "protocol": "openid-connect",
    "attributes": {
      "include.in.token.scope": "true",
      "display.on.consent.screen": "true"
    }
  },
  {
    "name": "CREATE_GRAD_UNGRAD_CODE_DATA",
    "protocol": "openid-connect",
    "attributes": {
      "include.in.token.scope": "true",
      "display.on.consent.screen": "true"
    }
  },
  {
    "name": "CREATE_STUDENT_ACHIEVEMENT_REPORT",
    "protocol": "openid-connect",
    "attributes": {
      "include.in.token.scope": "true",
      "display.on.consent.screen": "true"
    }
  },
  {
    "name": "DELETE_GRAD_CERTIFICATE_CODE_DATA",
    "protocol": "openid-connect",
    "attributes": {
      "include.in.token.scope": "true",
      "display.on.consent.screen": "true"
    }
  },
  {
    "name": "DELETE_GRAD_REQUIREMENT_TYPE_CODE_DATA",
    "protocol": "openid-connect",
    "attributes": {
      "include.in.token.scope": "true",
      "display.on.consent.screen": "true"
    }
  },
  {
    "name": "DELETE_GRAD_SPECIAL_PROGRAM_CODE_DATA",
    "protocol": "openid-connect",
    "attributes": {
      "include.in.token.scope": "true",
      "display.on.consent.screen": "true"
    }
  },
  {
    "name": "DELETE_GRAD_STUDENT_STATUS_CODE_DATA",
    "protocol": "openid-connect",
    "attributes": {
      "include.in.token.scope": "true",
      "display.on.consent.screen": "true"
    }
  },
  {
    "name": "READ_GRAD_CERTIFICATE_CODE_DATA",
    "protocol": "openid-connect",
    "attributes": {
      "include.in.token.scope": "true",
      "display.on.consent.screen": "true"
    }
  },
  {
    "name": "READ_GRAD_COURSE_REQUIREMENT_DATA",
    "protocol": "openid-connect",
    "attributes": {
      "include.in.token.scope": "true",
      "display.on.consent.screen": "true"
    }
  },
  {
    "name": "READ_GRAD_GRADUATION_STATUS",
    "protocol": "openid-connect",
    "attributes": {
      "include.in.token.scope": "true",
      "display.on.consent.screen": "true"
    }
  },
  {
    "name": "READ_GRAD_MESSAGING_CODE_DATA",
    "protocol": "openid-connect",
    "attributes": {
      "include.in.token.scope": "true",
      "display.on.consent.screen": "true"
    }
  },
  {
    "name": "READ_GRAD_PROGRAM_CODE_DATA",
    "protocol": "openid-connect",
    "attributes": {
      "include.in.token.scope": "true",
      "display.on.consent.screen": "true"
    }
  },
  {
    "name": "READ_GRAD_PROGRAM_RULES_DATA",
    "protocol": "openid-connect",
    "attributes": {
      "include.in.token.scope": "true",
      "display.on.consent.screen": "true"
    }
  },
  {
    "name": "READ_GRAD_REPORT_CODE_DATA",
    "protocol": "openid-connect",
    "attributes": {
      "include.in.token.scope": "true",
      "display.on.consent.screen": "true"
    }
  },
  {
    "name": "READ_GRAD_SCHOOL_DATA",
    "protocol": "openid-connect",
    "attributes": {
      "include.in.token.scope": "true",
      "display.on.consent.screen": "true"
    }
  },
  {
    "name": "READ_GRAD_SPECIAL_PROGRAM_CODE_DATA",
    "protocol": "openid-connect",
    "attributes": {
      "include.in.token.scope": "true",
      "display.on.consent.screen": "true"
    }
  },
  {
    "name": "READ_GRAD_STUDENT_CAREER_DATA",
    "protocol": "openid-connect",
    "attributes": {
      "include.in.token.scope": "true",
      "display.on.consent.screen": "true"
    }
  },
  {
    "name": "READ_GRAD_STUDENT_DATA",
    "protocol": "openid-connect",
    "attributes": {
      "include.in.token.scope": "true",
      "display.on.consent.screen": "true"
    }
  },
  {
    "name": "READ_GRAD_STUDENT_NOTES_DATA",
    "protocol": "openid-connect",
    "attributes": {
      "include.in.token.scope": "true",
      "display.on.consent.screen": "true"
    }
  },
  {
    "name": "READ_GRAD_STUDENT_SPECIAL_DATA",
    "protocol": "openid-connect",
    "attributes": {
      "include.in.token.scope": "true",
      "display.on.consent.screen": "true"
    }
  },
  {
    "name": "READ_GRAD_UNGRAD_CODE_DATA",
    "protocol": "openid-connect",
    "attributes": {
      "include.in.token.scope": "true",
      "display.on.consent.screen": "true"
    }
  },
  {
    "name": "CREATE_GRAD_REQUIREMENT_TYPE_CODE_DATA",
    "protocol": "openid-connect",
    "attributes": {
      "include.in.token.scope": "true",
      "display.on.consent.screen": "true"
    }
  },
  {
    "name": "CREATE_OR_UPDATE_SIGNATURE_BLOCK_TYPE_CODE",
    "protocol": "openid-connect",
    "attributes": {
      "include.in.token.scope": "true",
      "display.on.consent.screen": "true"
    }
  },
  {
    "name": "CREATE_STUDENT_CERTIFICATE",
    "protocol": "openid-connect",
    "attributes": {
      "include.in.token.scope": "true",
      "display.on.consent.screen": "true"
    }
  },
  {
    "name": "DELETE_GRAD_PROGRAM_CODE_DATA",
    "protocol": "openid-connect",
    "attributes": {
      "include.in.token.scope": "true",
      "display.on.consent.screen": "true"
    }
  },
  {
    "name": "DELETE_GRAD_PROGRAM_RULES_DATA",
    "protocol": "openid-connect",
    "attributes": {
      "include.in.token.scope": "true",
      "display.on.consent.screen": "true"
    }
  },
  {
    "name": "DELETE_GRAD_REPORT_CODE_DATA",
    "protocol": "openid-connect",
    "attributes": {
      "include.in.token.scope": "true",
      "display.on.consent.screen": "true"
    }
  },
  {
    "name": "DELETE_GRAD_SPECIAL_PROGRAM_RULES_DATA",
    "protocol": "openid-connect",
    "attributes": {
      "include.in.token.scope": "true",
      "display.on.consent.screen": "true"
    }
  },
  {
    "name": "DELETE_GRAD_STUDENT_NOTES_DATA",
    "protocol": "openid-connect",
    "attributes": {
      "include.in.token.scope": "true",
      "display.on.consent.screen": "true"
    }
  },
  {
    "name": "RUN_RULE_ENGINE",
    "protocol": "openid-connect",
    "attributes": {
      "include.in.token.scope": "true",
      "display.on.consent.screen": "true"
    }
  },
  {
    "name": "UPDATE_GRAD_PROGRAM_SETS_DATA",
    "protocol": "openid-connect",
    "attributes": {
      "include.in.token.scope": "true",
      "display.on.consent.screen": "true"
    }
  },
  {
    "name": "UPDATE_GRAD_REPORT_CODE_DATA",
    "protocol": "openid-connect",
    "attributes": {
      "include.in.token.scope": "true",
      "display.on.consent.screen": "true"
    }
  },
  {
    "name": "UPDATE_GRAD_REQUIREMENT_TYPE_CODE_DATA",
    "protocol": "openid-connect",
    "attributes": {
      "include.in.token.scope": "true",
      "display.on.consent.screen": "true"
    }
  },
  {
    "name": "UPDATE_GRAD_STUDENT_CERTIFICATE_DATA",
    "protocol": "openid-connect",
    "attributes": {
      "include.in.token.scope": "true",
      "display.on.consent.screen": "true"
    }
  },
  {
    "name": "UPDATE_GRAD_UNGRAD_CODE_DATA",
    "protocol": "openid-connect",
    "attributes": {
      "include.in.token.scope": "true",
      "display.on.consent.screen": "true"
    }
  },
  {
    "name": "READ_SIGNATURE_BLOCK_TYPE_CODE",
    "protocol": "openid-connect",
    "attributes": {
      "include.in.token.scope": "true",
      "display.on.consent.screen": "true"
    }
  },
  {
    "name": "READ_GRAD_DOCUMENT_STATUS_CODE_DATA",
    "protocol": "openid-connect",
    "attributes": {
      "include.in.token.scope": "true",
      "display.on.consent.screen": "true"
    }
  },
  {
    "name": "CREATE_PACKING_SLIP",
    "protocol": "openid-connect",
    "attributes": {
      "include.in.token.scope": "true",
      "display.on.consent.screen": "true"
    }
  },
  {
    "name": "READ_GRAD_ASSESSMENT_REQUIREMENT_DATA",
    "protocol": "openid-connect",
    "attributes": {
      "include.in.token.scope": "true",
      "display.on.consent.screen": "true"
    }
  },
  {
    "name": "READ_GRAD_COURSE_RESTRICTION_DATA",
    "protocol": "openid-connect",
    "attributes": {
      "include.in.token.scope": "true",
      "display.on.consent.screen": "true"
    }
  },
  {
    "name": "READ_GRAD_LETTER_GRADE_DATA",
    "protocol": "openid-connect",
    "attributes": {
      "include.in.token.scope": "true",
      "display.on.consent.screen": "true"
    }
  },
  {
    "name": "READ_GRAD_PROVINCE_CODE_DATA",
    "protocol": "openid-connect",
    "attributes": {
      "include.in.token.scope": "true",
      "display.on.consent.screen": "true"
    }
  },
  {
    "name": "READ_GRAD_REQUIREMENT_TYPE_CODE_DATA",
    "protocol": "openid-connect",
    "attributes": {
      "include.in.token.scope": "true",
      "display.on.consent.screen": "true"
    }
  },
  {
    "name": "READ_GRAD_SPECIAL_CASE_DATA",
    "protocol": "openid-connect",
    "attributes": {
      "include.in.token.scope": "true",
      "display.on.consent.screen": "true"
    }
  },
  {
    "name": "READ_GRAD_STUDENT_COURSE_DATA",
    "protocol": "openid-connect",
    "attributes": {
      "include.in.token.scope": "true",
      "display.on.consent.screen": "true"
    }
  },
  {
    "name": "UPDATE_GRAD_BATCH_JOB_CODE_DATA",
    "protocol": "openid-connect",
    "attributes": {
      "include.in.token.scope": "true",
      "display.on.consent.screen": "true"
    }
  },
  {
    "name": "CREATE_GRAD_BATCH_JOB_CODE_DATA",
    "protocol": "openid-connect",
    "attributes": {
      "include.in.token.scope": "true",
      "display.on.consent.screen": "true"
    }
  },
  {
    "name": "LOAD_BATCH_DASHBOARD",
    "protocol": "openid-connect",
    "attributes": {
      "include.in.token.scope": "true",
      "display.on.consent.screen": "true"
    }
  },
  {
    "name": "READ_GRAD_STUDENT_STATUS_CODE_DATA",
    "protocol": "openid-connect",
    "attributes": {
      "include.in.token.scope": "true",
      "display.on.consent.screen": "true"
    }
  },
  {
    "name": "READ_GRAD_TRANSCRIPT_CODE_DATA",
    "protocol": "openid-connect",
    "attributes": {
      "include.in.token.scope": "true",
      "display.on.consent.screen": "true"
    }
  },
  {
    "name": "UPDATE_GRAD_CERTIFICATE_CODE_DATA",
    "protocol": "openid-connect",
    "attributes": {
      "include.in.token.scope": "true",
      "display.on.consent.screen": "true"
    }
  },
  {
    "name": "UPDATE_GRAD_PROGRAM_CODE_DATA",
    "protocol": "openid-connect",
    "attributes": {
      "include.in.token.scope": "true",
      "display.on.consent.screen": "true"
    }
  },
  {
    "name": "UPDATE_GRAD_SPECIAL_PROGRAM_RULES_DATA",
    "protocol": "openid-connect",
    "attributes": {
      "include.in.token.scope": "true",
      "display.on.consent.screen": "true"
    }
  },
  {
    "name": "UPDATE_GRAD_STUDENT_NOTES_DATA",
    "protocol": "openid-connect",
    "attributes": {
      "include.in.token.scope": "true",
      "display.on.consent.screen": "true"
    }
  },
  {
    "name": "UPDATE_GRAD_STUDENT_REPORT_DATA",
    "protocol": "openid-connect",
    "attributes": {
      "include.in.token.scope": "true",
      "display.on.consent.screen": "true"
    }
  },
  {
    "name": "UPDATE_GRAD_STUDENT_SPECIAL_DATA",
    "protocol": "openid-connect",
    "attributes": {
      "include.in.token.scope": "true",
      "display.on.consent.screen": "true"
    }
  },
  {
    "name": "UPDATE_GRAD_STUDENT_STATUS_CODE_DATA",
    "protocol": "openid-connect",
    "attributes": {
      "include.in.token.scope": "true",
      "display.on.consent.screen": "true"
    }
  },
  {
    "name": "CREATE_STUDENT_NON_GRAD",
    "protocol": "openid-connect",
    "attributes": {
      "include.in.token.scope": "true",
      "display.on.consent.screen": "true"
    }
  },
  {
    "name": "CREATE_GRAD_PROGRAM_CODE_DATA",
    "protocol": "openid-connect",
    "attributes": {
      "include.in.token.scope": "true",
      "display.on.consent.screen": "true"
    }
  },
  {
    "name": "CREATE_GRAD_PROGRAM_RULES_DATA",
    "protocol": "openid-connect",
    "attributes": {
      "include.in.token.scope": "true",
      "display.on.consent.screen": "true"
    }
  },
  {
    "name": "CREATE_OR_UPDATE_SIGNATURE_IMAGE",
    "protocol": "openid-connect",
    "attributes": {
      "include.in.token.scope": "true",
      "display.on.consent.screen": "true"
    }
  },
  {
    "name": "CREATE_STUDENT_TRANSCRIPT_REPORT",
    "protocol": "openid-connect",
    "attributes": {
      "include.in.token.scope": "true",
      "display.on.consent.screen": "true"
    }
  },
  {
    "name": "DELETE_GRAD_UNGRAD_CODE_DATA",
    "protocol": "openid-connect",
    "attributes": {
      "include.in.token.scope": "true",
      "display.on.consent.screen": "true"
    }
  },
  {
    "name": "LOAD_STUDENT_IDS",
    "protocol": "openid-connect",
    "attributes": {
      "include.in.token.scope": "true",
      "display.on.consent.screen": "true"
    }
  },
  {
    "name": "CREATE_SCHOOL_DISTRIBUTION",
    "protocol": "openid-connect",
    "attributes": {
      "include.in.token.scope": "true",
      "display.on.consent.screen": "true"
    }
  },
  {
    "name": "CREATE_STUDENT_XML_TRANSCRIPT_REPORT",
    "protocol": "openid-connect",
    "attributes": {
      "include.in.token.scope": "true",
      "display.on.consent.screen": "true"
    }
  },
  {
    "name": "GET_GRADUATION_DATA",
    "protocol": "openid-connect",
    "attributes": {
      "include.in.token.scope": "true",
      "display.on.consent.screen": "true"
    }
  },
  {
    "name": "GRAD_BUSINESS_R",
    "protocol": "openid-connect",
    "attributes": {
      "include.in.token.scope": "true",
      "display.on.consent.screen": "true"
    }
  },
  {
    "name": "CREATE_GRAD_ASSESSMENT_REQUIREMENT_DATA",
    "protocol": "openid-connect",
    "attributes": {
      "include.in.token.scope": "true",
      "display.on.consent.screen": "true"
    }
  },
  {
    "name": "GET_GRADUATION_TRANSCRIPT",
    "protocol": "openid-connect",
    "attributes": {
      "include.in.token.scope": "true",
      "display.on.consent.screen": "true"
    }
  },
  {
    "name": "GET_GRADUATION_CERTIFICATE",
    "protocol": "openid-connect",
    "attributes": {
      "include.in.token.scope": "true",
      "display.on.consent.screen": "true"
    }
  },
  {
    "name": "GET_GRADUATION_ACHIEVEMENT",
    "protocol": "openid-connect",
    "attributes": {
      "include.in.token.scope": "true",
      "display.on.consent.screen": "true"
    }
  },
  {
    "name": "READ_GRAD_TRAX_STUDENT_DATA",
    "description": "Permission to read TRAX Student related Data",
    "protocol": "openid-connect",
    "attributes": {
      "include.in.token.scope": "true",
      "display.on.consent.screen": "true"
    }
  },
  {
    "name": "READ_GRAD_TRAX_COURSE_DATA",
    "description": "Permission to read TRAX Course related Data",
    "protocol": "openid-connect",
    "attributes": {
      "include.in.token.scope": "true",
      "display.on.consent.screen": "true"
    }
  },
  {
    "name": "UPDATE_GRAD_TRAX_STUDENT_DATA",
    "description": "Permission to update Trax Student related tables such as TRAX_STUDENT_NO and STUDENT_MASTER.",
    "protocol": "openid-connect",
    "attributes": {
      "include.in.token.scope": "true",
      "display.on.consent.screen": "true"
    }
  },
  {
    "name": "CREATE_SCHOOL_GRADUATION",
    "protocol": "openid-connect",
    "attributes": {
      "include.in.token.scope": "true",
      "display.on.consent.screen": "false"
    }
  },
  {
    "name": "READ_GRAD_BATCH_JOB_CODE_DATA",
    "protocol": "openid-connect",
    "attributes": {
      "include.in.token.scope": "true",
      "display.on.consent.screen": "true"
    }
  },
  {
    "name": "CREATE_SCHOOL_NON_GRADUATION",
    "protocol": "openid-connect",
    "attributes": {
      "include.in.token.scope": "true",
      "display.on.consent.screen": "false"
    }
  },
  {
    "name": "DELETE_STUDENT_REPORT",
    "protocol": "openid-connect",
    "attributes": {
      "include.in.token.scope": "true",
      "display.on.consent.screen": "true"
    }
  },
  {
    "name": "CREATE_SCHOOL_LABEL",
    "protocol": "openid-connect",
    "attributes": {
      "include.in.token.scope": "true",
      "display.on.consent.screen": "true"
    }
  },
  {
    "name": "DELETE_GRAD_BATCH_JOB_CODE_DATA",
    "protocol": "openid-connect",
    "attributes": {
      "include.in.token.scope": "true",
      "display.on.consent.screen": "true"
    }
  },
  {
    "name": "RUN_DELETE_STUDENT_REPORTS",
    "protocol": "openid-connect",
    "attributes": {
      "include.in.token.scope": "true",
      "display.on.consent.screen": "true"
    }
  },
  {
    "name": "READ_GRAD_STUDENT_GRADE_CODES",
    "description": "",
    "protocol": "openid-connect",
    "attributes": {
      "include.in.token.scope": "true",
      "display.on.consent.screen": "true"
    }
  },
  {
    "name": "DELETE_GRAD_STUDENT_DATA",
    "protocol": "openid-connect",
    "attributes": {
      "include.in.token.scope": "true",
      "display.on.consent.screen": "true"
    }
  },
  {
    "name": "READ_EQUIVALENT_OR_CHALLENGE_CODE",
    "description": "Read scope for equivalent or challenge code",
    "protocol": "openid-connect",
    "attributes": {
      "include.in.token.scope": "true",
      "display.on.consent.screen": "true"
    }
  },
  {
    "name": "READ_EXAM_SPECIAL_CASE_CODE",
    "description": "Read scope for exam special case code",
    "protocol": "openid-connect",
    "attributes": {
      "include.in.token.scope": "true",
      "display.on.consent.screen": "true"
    }
  },
  {
    "name": "READ_FINE_ART_APPLIED_SKILLS_CODE",
    "description": "Read scope for fine arts applied skills code",
    "protocol": "openid-connect",
    "attributes": {
      "include.in.token.scope": "true",
      "display.on.consent.screen": "true"
    }
  },
  {
    "name": "RUN_ARCHIVE_STUDENTS",
    "protocol": "openid-connect",
    "attributes": {
      "include.in.token.scope": "true",
      "display.on.consent.screen": "true"
    }
  },
  {
    "name": "ARCHIVE_GRADUATION_STUDENT_RECORD",
    "protocol": "openid-connect",
    "attributes": {
      "include.in.token.scope": "true",
      "display.on.consent.screen": "true"
    }
  },
  {
    "name": "RUN_ARCHIVE_SCHOOL_REPORTS",
    "protocol": "openid-connect",
    "attributes": {
      "include.in.token.scope": "true",
      "display.on.consent.screen": "true"
    }
  },
  {
    "name": "ARCHIVE_SCHOOL_REPORT",
    "protocol": "openid-connect",
    "attributes": {
      "include.in.token.scope": "true",
      "display.on.consent.screen": "true"
    }
  },
  {
    "name": "WRITE_EVENT_HISTORY",
    "protocol": "openid-connect",
    "attributes": {
      "include.in.token.scope": "true",
      "display.on.consent.screen": "true"
    }
  },
  {
    "name": "WRITE_STUDENT",
    "description": "Write scope for student",
    "protocol": "openid-connect",
    "attributes": {
      "include.in.token.scope": "true",
      "display.on.consent.screen": "false"
    }
  },
  {
    "name": "READ_EVENT_HISTORY",
    "protocol": "openid-connect",
    "attributes": {
      "include.in.token.scope": "true",
      "display.on.consent.screen": "true"
    }
  }
]
